<?xml version="1.0" encoding="UTF-8"?>
<!-- Generated by org.testng.reporters.JUnitXMLReporter -->
<testsuite ignored="0" hostname="MATEO01" failures="0" tests="7" name="Pruebas Registro" time="18.227" errors="0" timestamp="2025-11-19T14:29:26 COT">
  <testcase classname="com.pruebacenet.tests.RegistroUsuarioTest" name="testRegistroExitoso" time="0.724"/>
  <testcase classname="com.pruebacenet.tests.RegistroUsuarioTest" name="testCamposObligatorios" time="0.364"/>
  <testcase classname="com.pruebacenet.tests.RegistroUsuarioTest" name="testEmailInvalido" time="1.267"/>
  <testcase classname="com.pruebacenet.tests.RegistroUsuarioTest" name="testPasswordDebil" time="1.077"/>
  <testcase classname="com.pruebacenet.tests.RegistroUsuarioTest" name="testPasswordsNoCoinciden" time="0.735"/>
  <testcase classname="com.pruebacenet.tests.RegistroUsuarioTest" name="testLimitesCaracteres" time="0.498"/>
  <testcase classname="com.pruebacenet.tests.RegistroUsuarioTest" name="testCaracteresEspecialesNombre" time="0.959"/>
</testsuite> <!-- Pruebas Registro -->
