<?xml version="1.0" encoding="UTF-8"?>
<!-- Generated by org.testng.reporters.JUnitReportReporter -->
<testsuite hostname="MATEO01" failures="0" tests="7" name="com.pruebacenet.tests.RegistroUsuarioTest" time="16.865" errors="0" timestamp="2025-11-19T14:29:26 COT" skipped="0">
  <testcase classname="com.pruebacenet.tests.RegistroUsuarioTest" name="testRegistroExitoso" time="2.234"/>
  <testcase classname="com.pruebacenet.tests.RegistroUsuarioTest" name="testCamposObligatorios" time="1.823"/>
  <testcase classname="com.pruebacenet.tests.RegistroUsuarioTest" name="testEmailInvalido" time="2.684"/>
  <testcase classname="com.pruebacenet.tests.RegistroUsuarioTest" name="testPasswordDebil" time="2.741"/>
  <testcase classname="com.pruebacenet.tests.RegistroUsuarioTest" name="testPasswordsNoCoinciden" time="2.177"/>
  <testcase classname="com.pruebacenet.tests.RegistroUsuarioTest" name="testLimitesCaracteres" time="1.934"/>
  <testcase classname="com.pruebacenet.tests.RegistroUsuarioTest" name="testCaracteresEspecialesNombre" time="3.272"/>
</testsuite> <!-- com.pruebacenet.tests.RegistroUsuarioTest -->
